<?xml version="1.0" encoding="UTF-8"?>
<testng-results ignored="0" total="1" passed="1" failed="0" skipped="0">
  <reporter-output>
  </reporter-output>
  <suite started-at="2019-04-15T02:13:43Z" name="Suite1" finished-at="2019-04-15T02:13:43Z" duration-ms="827">
    <groups>
      <group name="cucumber">
        <method signature="AbstractTestNGCucumberTests.feature(cucumber.api.testng.CucumberFeatureWrapper)[pri:0, instance:com.cvs.testrunner.TestRunner@452e19ca]" name="feature" class="cucumber.api.testng.AbstractTestNGCucumberTests"/>
      </group> <!-- cucumber -->
    </groups>
    <test started-at="2019-04-15T02:13:43Z" name="Nopackage" finished-at="2019-04-15T02:13:43Z" duration-ms="827">
      <class name="com.cvs.testrunner.TestRunner">
        <test-method is-config="true" signature="setUpClass()[pri:0, instance:com.cvs.testrunner.TestRunner@452e19ca]" started-at="2019-04-14T22:13:43Z" name="setUpClass" finished-at="2019-04-14T22:13:43Z" duration-ms="408" status="PASS">
          <reporter-output>
          </reporter-output>
        </test-method> <!-- setUpClass -->
        <test-method signature="feature(cucumber.api.testng.CucumberFeatureWrapper)[pri:0, instance:com.cvs.testrunner.TestRunner@452e19ca]" started-at="2019-04-14T22:13:43Z" name="feature" description="Runs Cucumber Feature" data-provider="features" finished-at="2019-04-14T22:13:43Z" duration-ms="230" status="PASS">
          <params>
            <param index="0">
              <value>
                <![CDATA[CVS search]]>
              </value>
            </param>
          </params>
          <reporter-output>
          </reporter-output>
        </test-method> <!-- feature -->
        <test-method is-config="true" signature="tearDownClass()[pri:0, instance:com.cvs.testrunner.TestRunner@452e19ca]" started-at="2019-04-14T22:13:43Z" name="tearDownClass" finished-at="2019-04-14T22:13:43Z" duration-ms="4" status="PASS">
          <reporter-output>
          </reporter-output>
        </test-method> <!-- tearDownClass -->
      </class> <!-- com.cvs.testrunner.TestRunner -->
    </test> <!-- Nopackage -->
  </suite> <!-- Suite1 -->
</testng-results>
